2025-04-14 23:37:07.697814 - Received CBT.V508.FILE1051.PDS from FILE1051.XMI 
2025-04-14 23:37:07.701054 - Found $$$#DATE.txt (text/plain) in CBT.V508.FILE1051.PDS, moved to PDS/$$$#DATE
2025-04-14 23:37:07.701298 - Found $$$INDEX.txt (text/plain) in CBT.V508.FILE1051.PDS, moved to PDS/$$$INDEX
2025-04-14 23:37:07.701610 - Found $$DOC.txt (text/plain) in CBT.V508.FILE1051.PDS, moved to PDS/$$DOC
2025-04-14 23:37:07.701860 - Found $$DOC2.txt (text/plain) in CBT.V508.FILE1051.PDS, moved to PDS/$$DOC2
2025-04-14 23:37:07.702045 - Found $$NOTE01.txt (text/plain) in CBT.V508.FILE1051.PDS, moved to PDS/$$NOTE01
2025-04-14 23:37:07.702234 - Found $$README.txt (text/plain) in CBT.V508.FILE1051.PDS, moved to PDS/$$README
2025-04-14 23:37:07.702422 - Found $ALLOC.jcl (text/plain) in CBT.V508.FILE1051.PDS, moved to PDS/$ALLOC
2025-04-14 23:37:07.702609 - Found $COMMAND.txt (text/plain) in CBT.V508.FILE1051.PDS, moved to PDS/$COMMAND
2025-04-14 23:37:07.702790 - Found $INSTALL.txt (text/plain) in CBT.V508.FILE1051.PDS, moved to PDS/$INSTALL
2025-04-14 23:37:07.702990 - Found $LINK.jcl (text/plain) in CBT.V508.FILE1051.PDS, moved to PDS/$LINK
2025-04-14 23:37:07.703171 - Found $MVC.txt (text/plain) in CBT.V508.FILE1051.PDS, moved to PDS/$MVC
2025-04-14 23:37:07.703351 - Found $NI.txt (text/plain) in CBT.V508.FILE1051.PDS, moved to PDS/$NI
2025-04-14 23:37:07.703526 - Found $OI.txt (text/plain) in CBT.V508.FILE1051.PDS, moved to PDS/$OI
2025-04-14 23:37:07.703709 - Found $OPTIONS.txt (text/plain) in CBT.V508.FILE1051.PDS, moved to PDS/$OPTIONS
2025-04-14 23:37:07.703892 - Found $RACF.jcl (text/plain) in CBT.V508.FILE1051.PDS, moved to PDS/$RACF
2025-04-14 23:37:07.704060 - Found $SHUTDWN.txt (text/plain) in CBT.V508.FILE1051.PDS, moved to PDS/$SHUTDWN
2025-04-14 23:37:07.704228 - Found $ST.txt (text/plain) in CBT.V508.FILE1051.PDS, moved to PDS/$ST
2025-04-14 23:37:07.704397 - Found $XC.txt (text/plain) in CBT.V508.FILE1051.PDS, moved to PDS/$XC
2025-04-14 23:37:07.704721 - Found @FIL1051.txt (text/plain) in CBT.V508.FILE1051.PDS, moved to PDS/@FIL1051
2025-04-14 23:37:07.705717 - Found EMFCMD.txt (text/plain) in CBT.V508.FILE1051.PDS, moved to PDS/EMFCMD
2025-04-14 23:37:07.706787 - Found EMFCSM.txt (text/plain) in CBT.V508.FILE1051.PDS, moved to PDS/EMFCSM
2025-04-14 23:37:07.707431 - Found EMFEOM.txt (text/plain) in CBT.V508.FILE1051.PDS, moved to PDS/EMFEOM
2025-04-14 23:37:07.707766 - Found EMFFRR.txt (text/plain) in CBT.V508.FILE1051.PDS, moved to PDS/EMFFRR
2025-04-14 23:37:07.708828 - Found EMFINI.txt (text/plain) in CBT.V508.FILE1051.PDS, moved to PDS/EMFINI
2025-04-14 23:37:07.709169 - Found EMFJNI.txt (text/plain) in CBT.V508.FILE1051.PDS, moved to PDS/EMFJNI
2025-04-14 23:37:07.709888 - Found EMFMSG.txt (text/plain) in CBT.V508.FILE1051.PDS, moved to PDS/EMFMSG
2025-04-14 23:37:07.710998 - Found EMFPAR.txt (text/plain) in CBT.V508.FILE1051.PDS, moved to PDS/EMFPAR
2025-04-14 23:37:07.711375 - Found EMFRTM.txt (text/plain) in CBT.V508.FILE1051.PDS, moved to PDS/EMFRTM
2025-04-14 23:37:07.711579 - Found EMFSRV.txt (text/plain) in CBT.V508.FILE1051.PDS, moved to PDS/EMFSRV
2025-04-14 23:37:07.711795 - Found EMFTST.txt (text/plain) in CBT.V508.FILE1051.PDS, moved to PDS/EMFTST
2025-04-14 23:37:07.712926 - Found EMFXIT.txt (text/plain) in CBT.V508.FILE1051.PDS, moved to PDS/EMFXIT
2025-04-14 23:37:07.713299 - Found IEFACTRT.txt (text/plain) in CBT.V508.FILE1051.PDS, moved to PDS/IEFACTRT
2025-04-14 23:37:07.713669 - Found IEFUJI.txt (text/plain) in CBT.V508.FILE1051.PDS, moved to PDS/IEFUJI
2025-04-14 23:37:07.714044 - Found IEFUJP.txt (text/plain) in CBT.V508.FILE1051.PDS, moved to PDS/IEFUJP
2025-04-14 23:37:07.714264 - Found IEFUJV.txt (text/plain) in CBT.V508.FILE1051.PDS, moved to PDS/IEFUJV
2025-04-14 23:37:07.714483 - Found IEFUSI.txt (text/plain) in CBT.V508.FILE1051.PDS, moved to PDS/IEFUSI
2025-04-14 23:37:07.714799 - Found IEFUSO.txt (text/plain) in CBT.V508.FILE1051.PDS, moved to PDS/IEFUSO
2025-04-14 23:37:07.715068 - Found IEFUTL.txt (text/plain) in CBT.V508.FILE1051.PDS, moved to PDS/IEFUTL
2025-04-14 23:37:07.715309 - Found IEFU29.txt (text/plain) in CBT.V508.FILE1051.PDS, moved to PDS/IEFU29
2025-04-14 23:37:07.715559 - Found IEFU29L.txt (text/plain) in CBT.V508.FILE1051.PDS, moved to PDS/IEFU29L
2025-04-14 23:37:07.715793 - Found IEFU83.txt (text/plain) in CBT.V508.FILE1051.PDS, moved to PDS/IEFU83
2025-04-14 23:37:07.716033 - Found IEFU84.txt (text/plain) in CBT.V508.FILE1051.PDS, moved to PDS/IEFU84
2025-04-14 23:37:07.716249 - Found IEFU85.txt (text/plain) in CBT.V508.FILE1051.PDS, moved to PDS/IEFU85
2025-04-14 23:37:07.716597 - Found IEFU86.txt (text/plain) in CBT.V508.FILE1051.PDS, moved to PDS/IEFU86
2025-04-14 23:37:07.716817 - Found ZCALL.txt (text/plain) in CBT.V508.FILE1051.PDS, moved to PDS/ZCALL
2025-04-14 23:37:07.717197 - Found ZEMFMSTR.txt (text/plain) in CBT.V508.FILE1051.PDS, moved to PDS/ZEMFMSTR
2025-04-14 23:37:07.717577 - Found ZEMFMS99.txt (text/plain) in CBT.V508.FILE1051.PDS, moved to PDS/ZEMFMS99
2025-04-14 23:37:07.718553 - Found ZEVT.txt (text/plain) in CBT.V508.FILE1051.PDS, moved to PDS/ZEVT
2025-04-14 23:37:07.718748 - Found ZGBLS.txt (text/plain) in CBT.V508.FILE1051.PDS, moved to PDS/ZGBLS
2025-04-14 23:37:07.719104 - Found ZMACS.txt (text/plain) in CBT.V508.FILE1051.PDS, moved to PDS/ZMACS
2025-04-14 23:37:07.719375 - Found ZRETRY.txt (text/plain) in CBT.V508.FILE1051.PDS, moved to PDS/ZRETRY
2025-04-14 23:37:07.720115 - Found ZTABS.txt (text/plain) in CBT.V508.FILE1051.PDS, moved to PDS/ZTABS
2025-04-14 23:37:07.720416 - Found ZTRCE.txt (text/plain) in CBT.V508.FILE1051.PDS, moved to PDS/ZTRCE
2025-04-14 23:37:07.720738 - Found ZWTO.txt (text/plain) in CBT.V508.FILE1051.PDS, moved to PDS/ZWTO
